0 info it worked if it ends with ok
1 verbose cli [ '/usr/local/bin/node',
1 verbose cli   '/usr/local/bin/npm',
1 verbose cli   'install',
1 verbose cli   '-g',
1 verbose cli   'react-native-cli' ]
2 info using npm@2.14.13
3 info using node@v5.1.0
4 verbose install initial load of /usr/local/lib/package.json
5 verbose readDependencies loading dependencies from /usr/local/lib/package.json
6 silly cache add args [ 'react-native-cli', null ]
7 verbose cache add spec react-native-cli
8 silly cache add parsed spec Result {
8 silly cache add   raw: 'react-native-cli',
8 silly cache add   scope: null,
8 silly cache add   name: 'react-native-cli',
8 silly cache add   rawSpec: '',
8 silly cache add   spec: 'latest',
8 silly cache add   type: 'tag' }
9 silly addNamed react-native-cli@latest
10 verbose addNamed "latest" is being treated as a dist-tag for react-native-cli
11 info addNameTag [ 'react-native-cli', 'latest' ]
12 silly mapToRegistry name react-native-cli
13 silly mapToRegistry using default registry
14 silly mapToRegistry registry https://registry.npm.taobao.org/
15 silly mapToRegistry uri https://registry.npm.taobao.org/react-native-cli
16 verbose addNameTag registry:https://registry.npm.taobao.org/react-native-cli not in flight; fetching
17 verbose request uri https://registry.npm.taobao.org/react-native-cli
18 verbose request no auth needed
19 info attempt registry request try #1 at 11:34:26
20 verbose request id f466f24c89846c08
21 verbose etag "4bfb-y/N4WwE39lJ3naKihMX/AQ"
22 http request GET https://registry.npm.taobao.org/react-native-cli
23 http 304 https://registry.npm.taobao.org/react-native-cli
24 verbose headers { date: 'Thu, 28 Apr 2016 03:34:26 GMT',
24 verbose headers   connection: 'keep-alive',
24 verbose headers   etag: '"4bfb-y/N4WwE39lJ3naKihMX/AQ"',
24 verbose headers   'x-readtime': '65' }
25 silly get cb [ 304,
25 silly get   { date: 'Thu, 28 Apr 2016 03:34:26 GMT',
25 silly get     connection: 'keep-alive',
25 silly get     etag: '"4bfb-y/N4WwE39lJ3naKihMX/AQ"',
25 silly get     'x-readtime': '65' } ]
26 verbose etag https://registry.npm.taobao.org/react-native-cli from cache
27 verbose get saving react-native-cli to /Users/zhw/.npm/registry.npm.taobao.org/react-native-cli/.cache.json
28 silly addNameTag next cb for react-native-cli with tag latest
29 silly addNamed react-native-cli@0.2.0
30 verbose addNamed "0.2.0" is a plain semver version for react-native-cli
31 silly cache afterAdd react-native-cli@0.2.0
32 verbose afterAdd /Users/zhw/.npm/react-native-cli/0.2.0/package/package.json not in flight; writing
33 verbose afterAdd /Users/zhw/.npm/react-native-cli/0.2.0/package/package.json written
34 silly install resolved [ { name: 'react-native-cli',
34 silly install resolved     version: '0.2.0',
34 silly install resolved     license: 'BSD-3-Clause',
34 silly install resolved     description: 'The React Native CLI tools',
34 silly install resolved     main: 'index.js',
34 silly install resolved     engines: { node: '>=4' },
34 silly install resolved     repository:
34 silly install resolved      { type: 'git',
34 silly install resolved        url: 'git+https://github.com/facebook/react-native.git' },
34 silly install resolved     scripts: { test: 'mocha' },
34 silly install resolved     bin: { 'react-native': 'index.js' },
34 silly install resolved     dependencies:
34 silly install resolved      { chalk: '^1.1.1',
34 silly install resolved        minimist: '^1.2.0',
34 silly install resolved        prompt: '^0.2.14',
34 silly install resolved        semver: '^5.0.3' },
34 silly install resolved     bugs: { url: 'https://github.com/facebook/react-native/issues' },
34 silly install resolved     homepage: 'https://github.com/facebook/react-native#readme',
34 silly install resolved     _id: 'react-native-cli@0.2.0',
34 silly install resolved     _shasum: 'd0559ab2f964de40b2788708c0779c9b0493a0ed',
34 silly install resolved     _from: 'react-native-cli@latest',
34 silly install resolved     _npmVersion: '2.14.12',
34 silly install resolved     _nodeVersion: '4.2.4',
34 silly install resolved     _npmUser: { name: 'bestander', email: 'bestander@gmail.com' },
34 silly install resolved     dist:
34 silly install resolved      { shasum: 'd0559ab2f964de40b2788708c0779c9b0493a0ed',
34 silly install resolved        size: 5149,
34 silly install resolved        noattachment: false,
34 silly install resolved        tarball: 'http://registry.npm.taobao.org/react-native-cli/download/react-native-cli-0.2.0.tgz' },
34 silly install resolved     maintainers:
34 silly install resolved      [ [Object],
34 silly install resolved        [Object],
34 silly install resolved        [Object],
34 silly install resolved        [Object],
34 silly install resolved        [Object],
34 silly install resolved        [Object],
34 silly install resolved        [Object] ],
34 silly install resolved     _npmOperationalInternal:
34 silly install resolved      { host: 'packages-13-west.internal.npmjs.com',
34 silly install resolved        tmp: 'tmp/react-native-cli-0.2.0.tgz_1458839025760_0.14706380176357925' },
34 silly install resolved     directories: {},
34 silly install resolved     publish_time: 1458839028048,
34 silly install resolved     _cnpm_publish_time: 1458839028048,
34 silly install resolved     _resolved: 'https://registry.npm.taobao.org/react-native-cli/download/react-native-cli-0.2.0.tgz',
34 silly install resolved     readme: 'ERROR: No README data found!' } ]
35 info install react-native-cli@0.2.0 into /usr/local/lib
36 info installOne react-native-cli@0.2.0
37 verbose installOne of react-native-cli to /usr/local/lib not in flight; installing
38 verbose lock using /Users/zhw/.npm/_locks/react-native-cli-a444c604a39e8d3e.lock for /usr/local/lib/node_modules/react-native-cli
39 silly install write writing react-native-cli 0.2.0 to /usr/local/lib/node_modules/react-native-cli
40 verbose unbuild lib/node_modules/react-native-cli
41 silly gentlyRm /usr/local/lib/node_modules/react-native-cli is being purged from base /usr/local
42 verbose gentlyRm don't care about contents; nuking /usr/local/lib/node_modules/react-native-cli
43 verbose tar unpack /Users/zhw/.npm/react-native-cli/0.2.0/package.tgz
44 verbose tar unpacking to /usr/local/lib/node_modules/react-native-cli
45 silly gentlyRm /usr/local/lib/node_modules/react-native-cli is being purged
46 verbose gentlyRm don't care about contents; nuking /usr/local/lib/node_modules/react-native-cli
47 silly gunzTarPerm modes [ '755', '644' ]
48 error tar.unpack untar error /Users/zhw/.npm/react-native-cli/0.2.0/package.tgz
49 verbose unlock done using /Users/zhw/.npm/_locks/react-native-cli-a444c604a39e8d3e.lock for /usr/local/lib/node_modules/react-native-cli
50 verbose fstream_path /usr/local/lib/node_modules/react-native-cli
51 verbose fstream_type Directory
52 verbose fstream_class DirWriter
53 verbose stack Error: EACCES: permission denied, mkdir '/usr/local/lib/node_modules/react-native-cli'
53 verbose stack     at Error (native)
54 verbose fstream_stack /usr/local/lib/node_modules/npm/node_modules/fstream/lib/dir-writer.js:35:25
54 verbose fstream_stack /usr/local/lib/node_modules/npm/node_modules/mkdirp/index.js:47:53
54 verbose fstream_stack FSReqWrap.oncomplete (fs.js:82:15)
55 verbose cwd /Users/zhw/GitHub/React-Native
56 error Darwin 15.4.0
57 error argv "/usr/local/bin/node" "/usr/local/bin/npm" "install" "-g" "react-native-cli"
58 error node v5.1.0
59 error npm  v2.14.13
60 error path /usr/local/lib/node_modules/react-native-cli
61 error code EACCES
62 error errno -13
63 error syscall mkdir
64 error Error: EACCES: permission denied, mkdir '/usr/local/lib/node_modules/react-native-cli'
64 error     at Error (native)
64 error  { [Error: EACCES: permission denied, mkdir '/usr/local/lib/node_modules/react-native-cli']
64 error   errno: -13,
64 error   code: 'EACCES',
64 error   syscall: 'mkdir',
64 error   path: '/usr/local/lib/node_modules/react-native-cli',
64 error   fstream_type: 'Directory',
64 error   fstream_path: '/usr/local/lib/node_modules/react-native-cli',
64 error   fstream_class: 'DirWriter',
64 error   fstream_stack:
64 error    [ '/usr/local/lib/node_modules/npm/node_modules/fstream/lib/dir-writer.js:35:25',
64 error      '/usr/local/lib/node_modules/npm/node_modules/mkdirp/index.js:47:53',
64 error      'FSReqWrap.oncomplete (fs.js:82:15)' ] }
65 error Please try running this command again as root/Administrator.
66 verbose exit [ -13, true ]
67 verbose unbuild lib/node_modules/react-native-cli
68 silly gentlyRm /usr/local/lib/node_modules/react-native-cli is being purged from base /usr/local
69 verbose gentlyRm don't care about contents; nuking /usr/local/lib/node_modules/react-native-cli
